  [1m[35m (375.2ms)[0m  [1m[35mCREATE DATABASE "fantasy_houses_development" ENCODING = 'unicode'[0m
  [1m[35m (285.7ms)[0m  [1m[35mCREATE DATABASE "fantasy_houses_test" ENCODING = 'unicode'[0m
  [1m[35m (136.4ms)[0m  [1m[35mDROP DATABASE IF EXISTS "fantasy_houses_test"[0m
  [1m[35m (286.4ms)[0m  [1m[35mCREATE DATABASE "fantasy_houses_test" ENCODING = 'unicode'[0m
  [1m[35m (23.7ms)[0m  [1m[35mCREATE TABLE "schema_migrations" ("version" character varying NOT NULL PRIMARY KEY)[0m
  [1m[35m (5.6ms)[0m  [1m[35mCREATE TABLE "ar_internal_metadata" ("key" character varying NOT NULL PRIMARY KEY, "value" character varying, "created_at" timestamp NOT NULL, "updated_at" timestamp NOT NULL)[0m
  [1m[35m (0.4ms)[0m  [1m[34mSELECT pg_try_advisory_lock(8546372934869750190)[0m
  [1m[35m (1.3ms)[0m  [1m[34mSELECT "schema_migrations"."version" FROM "schema_migrations" ORDER BY "schema_migrations"."version" ASC[0m
Migrating to CreateHouses (20181011184513)
  [1m[35m (0.4ms)[0m  [1m[35mBEGIN[0m
  [1m[35m (7.0ms)[0m  [1m[35mCREATE TABLE "houses" ("id" bigserial primary key, "name" character varying NOT NULL, "author" character varying NOT NULL, "source" character varying NOT NULL, "motto" character varying)[0m
  [1m[36mActiveRecord::SchemaMigration Create (0.6ms)[0m  [1m[32mINSERT INTO "schema_migrations" ("version") VALUES ($1) RETURNING "version"[0m  [["version", "20181011184513"]]
  [1m[35m (0.5ms)[0m  [1m[35mCOMMIT[0m
  [1m[36mActiveRecord::InternalMetadata Load (0.5ms)[0m  [1m[34mSELECT  "ar_internal_metadata".* FROM "ar_internal_metadata" WHERE "ar_internal_metadata"."key" = $1 LIMIT $2[0m  [["key", "environment"], ["LIMIT", 1]]
  [1m[35m (0.2ms)[0m  [1m[35mBEGIN[0m
  [1m[36mActiveRecord::InternalMetadata Create (0.6ms)[0m  [1m[32mINSERT INTO "ar_internal_metadata" ("key", "value", "created_at", "updated_at") VALUES ($1, $2, $3, $4) RETURNING "key"[0m  [["key", "environment"], ["value", "development"], ["created_at", "2018-10-11 18:48:07.068454"], ["updated_at", "2018-10-11 18:48:07.068454"]]
  [1m[35m (0.4ms)[0m  [1m[35mCOMMIT[0m
  [1m[35m (0.3ms)[0m  [1m[34mSELECT pg_advisory_unlock(8546372934869750190)[0m
  [1m[35m (0.3ms)[0m  [1m[34mSELECT "schema_migrations"."version" FROM "schema_migrations" ORDER BY "schema_migrations"."version" ASC[0m
  [1m[35m (0.8ms)[0m  [1m[34mSELECT "schema_migrations"."version" FROM "schema_migrations" ORDER BY "schema_migrations"."version" ASC[0m
  [1m[35m (0.3ms)[0m  [1m[34mSELECT "schema_migrations"."version" FROM "schema_migrations" ORDER BY "schema_migrations"."version" ASC[0m
  [1m[35m (0.3ms)[0m  [1m[34mSELECT "schema_migrations"."version" FROM "schema_migrations" ORDER BY "schema_migrations"."version" ASC[0m
  [1m[35m (0.3ms)[0m  [1m[34mSELECT pg_try_advisory_lock(8546372934869750190)[0m
  [1m[35m (0.3ms)[0m  [1m[34mSELECT "schema_migrations"."version" FROM "schema_migrations" ORDER BY "schema_migrations"."version" ASC[0m
Migrating to CreateHouses (20181011184513)
  [1m[35m (0.2ms)[0m  [1m[35mBEGIN[0m
  [1m[35m (5.2ms)[0m  [1m[35mDROP TABLE "houses"[0m
  [1m[36mActiveRecord::SchemaMigration Destroy (0.6ms)[0m  [1m[31mDELETE FROM "schema_migrations" WHERE "schema_migrations"."version" = $1[0m  [["version", "20181011184513"]]
  [1m[35m (1.7ms)[0m  [1m[35mCOMMIT[0m
  [1m[35m (0.3ms)[0m  [1m[34mSELECT pg_advisory_unlock(8546372934869750190)[0m
  [1m[35m (0.3ms)[0m  [1m[34mSELECT "schema_migrations"."version" FROM "schema_migrations" ORDER BY "schema_migrations"."version" ASC[0m
  [1m[35m (0.3ms)[0m  [1m[34mSELECT pg_try_advisory_lock(8546372934869750190)[0m
  [1m[35m (0.8ms)[0m  [1m[34mSELECT "schema_migrations"."version" FROM "schema_migrations" ORDER BY "schema_migrations"."version" ASC[0m
Migrating to CreateHouses (20181011184513)
  [1m[35m (0.2ms)[0m  [1m[35mBEGIN[0m
  [1m[35m (6.7ms)[0m  [1m[35mCREATE TABLE "houses" ("id" bigserial primary key, "name" character varying NOT NULL, "author" character varying NOT NULL, "source" character varying NOT NULL, "motto" character varying)[0m
  [1m[36mActiveRecord::SchemaMigration Create (0.5ms)[0m  [1m[32mINSERT INTO "schema_migrations" ("version") VALUES ($1) RETURNING "version"[0m  [["version", "20181011184513"]]
  [1m[35m (0.6ms)[0m  [1m[35mCOMMIT[0m
  [1m[36mActiveRecord::InternalMetadata Load (0.7ms)[0m  [1m[34mSELECT  "ar_internal_metadata".* FROM "ar_internal_metadata" WHERE "ar_internal_metadata"."key" = $1 LIMIT $2[0m  [["key", "environment"], ["LIMIT", 1]]
  [1m[35m (0.2ms)[0m  [1m[35mBEGIN[0m
  [1m[35m (0.2ms)[0m  [1m[35mCOMMIT[0m
  [1m[35m (0.3ms)[0m  [1m[34mSELECT pg_advisory_unlock(8546372934869750190)[0m
  [1m[35m (0.3ms)[0m  [1m[34mSELECT "schema_migrations"."version" FROM "schema_migrations" ORDER BY "schema_migrations"."version" ASC[0m
  [1m[35m (0.8ms)[0m  [1m[34mSELECT "schema_migrations"."version" FROM "schema_migrations" ORDER BY "schema_migrations"."version" ASC[0m
  [1m[35m (0.5ms)[0m  [1m[34mSELECT "ar_internal_metadata"."value" FROM "ar_internal_metadata" WHERE "ar_internal_metadata"."key" = $1[0m  [["key", "environment"]]
  [1m[35m (0.6ms)[0m  [1m[34mSELECT "schema_migrations"."version" FROM "schema_migrations" ORDER BY "schema_migrations"."version" ASC[0m
  [1m[35m (0.3ms)[0m  [1m[34mSELECT "ar_internal_metadata"."value" FROM "ar_internal_metadata" WHERE "ar_internal_metadata"."key" = $1[0m  [["key", "environment"]]
  [1m[35m (0.3ms)[0m  [1m[34mSELECT "schema_migrations"."version" FROM "schema_migrations" ORDER BY "schema_migrations"."version" ASC[0m
  [1m[35m (0.3ms)[0m  [1m[34mSELECT "ar_internal_metadata"."value" FROM "ar_internal_metadata" WHERE "ar_internal_metadata"."key" = $1[0m  [["key", "environment"]]
  [1m[35m (138.3ms)[0m  [1m[35mDROP DATABASE IF EXISTS "fantasy_houses_test"[0m
  [1m[35m (307.8ms)[0m  [1m[35mCREATE DATABASE "fantasy_houses_test" ENCODING = 'unicode'[0m
  [1m[35mSQL (0.5ms)[0m  [1m[35mCREATE EXTENSION IF NOT EXISTS "plpgsql"[0m
  [1m[35m (0.3ms)[0m  [1m[35mDROP TABLE IF EXISTS "houses" CASCADE[0m
  [1m[35m (8.7ms)[0m  [1m[35mCREATE TABLE "houses" ("id" bigserial primary key, "name" character varying NOT NULL, "author" character varying NOT NULL, "source" character varying NOT NULL, "motto" character varying)[0m
  [1m[35m (4.3ms)[0m  [1m[35mCREATE TABLE "schema_migrations" ("version" character varying NOT NULL PRIMARY KEY)[0m
  [1m[35m (0.8ms)[0m  [1m[34mSELECT "schema_migrations"."version" FROM "schema_migrations" ORDER BY "schema_migrations"."version" ASC[0m
  [1m[35m (0.7ms)[0m  [1m[32mINSERT INTO "schema_migrations" (version) VALUES (20181011184513)[0m
  [1m[35m (3.6ms)[0m  [1m[35mCREATE TABLE "ar_internal_metadata" ("key" character varying NOT NULL PRIMARY KEY, "value" character varying, "created_at" timestamp NOT NULL, "updated_at" timestamp NOT NULL)[0m
  [1m[36mActiveRecord::InternalMetadata Load (0.5ms)[0m  [1m[34mSELECT  "ar_internal_metadata".* FROM "ar_internal_metadata" WHERE "ar_internal_metadata"."key" = $1 LIMIT $2[0m  [["key", "environment"], ["LIMIT", 1]]
  [1m[35m (0.3ms)[0m  [1m[35mBEGIN[0m
  [1m[36mActiveRecord::InternalMetadata Create (0.6ms)[0m  [1m[32mINSERT INTO "ar_internal_metadata" ("key", "value", "created_at", "updated_at") VALUES ($1, $2, $3, $4) RETURNING "key"[0m  [["key", "environment"], ["value", "development"], ["created_at", "2018-10-11 18:52:40.485519"], ["updated_at", "2018-10-11 18:52:40.485519"]]
  [1m[35m (0.5ms)[0m  [1m[35mCOMMIT[0m
  [1m[36mActiveRecord::InternalMetadata Load (0.3ms)[0m  [1m[34mSELECT  "ar_internal_metadata".* FROM "ar_internal_metadata" WHERE "ar_internal_metadata"."key" = $1 LIMIT $2[0m  [["key", "environment"], ["LIMIT", 1]]
  [1m[35m (0.2ms)[0m  [1m[35mBEGIN[0m
  [1m[36mActiveRecord::InternalMetadata Update (0.5ms)[0m  [1m[33mUPDATE "ar_internal_metadata" SET "value" = $1, "updated_at" = $2 WHERE "ar_internal_metadata"."key" = $3[0m  [["value", "test"], ["updated_at", "2018-10-11 18:52:40.490737"], ["key", "environment"]]
  [1m[35m (0.4ms)[0m  [1m[35mCOMMIT[0m
Started GET "/questions" for ::1 at 2018-10-11 15:01:05 -0400
  [1m[35m (1.0ms)[0m  [1m[34mSELECT "schema_migrations"."version" FROM "schema_migrations" ORDER BY "schema_migrations"."version" ASC[0m
  
ActionController::RoutingError (No route matches [GET] "/questions"):
  
actionpack (5.2.1) lib/action_dispatch/middleware/debug_exceptions.rb:65:in `call'
actionpack (5.2.1) lib/action_dispatch/middleware/show_exceptions.rb:33:in `call'
railties (5.2.1) lib/rails/rack/logger.rb:38:in `call_app'
railties (5.2.1) lib/rails/rack/logger.rb:26:in `block in call'
activesupport (5.2.1) lib/active_support/tagged_logging.rb:71:in `block in tagged'
activesupport (5.2.1) lib/active_support/tagged_logging.rb:28:in `tagged'
activesupport (5.2.1) lib/active_support/tagged_logging.rb:71:in `tagged'
railties (5.2.1) lib/rails/rack/logger.rb:26:in `call'
sprockets-rails (3.2.1) lib/sprockets/rails/quiet_assets.rb:13:in `call'
actionpack (5.2.1) lib/action_dispatch/middleware/remote_ip.rb:81:in `call'
actionpack (5.2.1) lib/action_dispatch/middleware/request_id.rb:27:in `call'
rack (2.0.5) lib/rack/method_override.rb:22:in `call'
rack (2.0.5) lib/rack/runtime.rb:22:in `call'
activesupport (5.2.1) lib/active_support/cache/strategy/local_cache_middleware.rb:29:in `call'
actionpack (5.2.1) lib/action_dispatch/middleware/executor.rb:14:in `call'
actionpack (5.2.1) lib/action_dispatch/middleware/static.rb:127:in `call'
rack (2.0.5) lib/rack/sendfile.rb:111:in `call'
railties (5.2.1) lib/rails/engine.rb:524:in `call'
rack (2.0.5) lib/rack/handler/webrick.rb:86:in `service'
/Users/nick/.rubies/ruby-2.3.3/lib/ruby/2.3.0/webrick/httpserver.rb:140:in `service'
/Users/nick/.rubies/ruby-2.3.3/lib/ruby/2.3.0/webrick/httpserver.rb:96:in `run'
/Users/nick/.rubies/ruby-2.3.3/lib/ruby/2.3.0/webrick/server.rb:296:in `block in start_thread'
Started GET "/" for ::1 at 2018-10-11 15:01:11 -0400
Processing by HousesController#index as HTML
  Rendering houses/index.html.erb within layouts/application
  Rendered houses/index.html.erb within layouts/application (0.3ms)
Completed 200 OK in 322ms (Views: 315.8ms | ActiveRecord: 0.0ms)


Started GET "/" for ::1 at 2018-10-11 15:23:33 -0400
Processing by HousesController#index as HTML
  Rendering houses/index.html.erb within layouts/application
  Rendered houses/index.html.erb within layouts/application (0.5ms)
Completed 200 OK in 21ms (Views: 16.6ms | ActiveRecord: 0.0ms)


Started GET "/houses/new" for ::1 at 2018-10-11 15:23:35 -0400
Processing by HousesController#new as HTML
  Rendering houses/new.html.erb within layouts/application
  Rendered houses/_form.html.erb (37.9ms)
  Rendered houses/new.html.erb within layouts/application (41.6ms)
Completed 200 OK in 86ms (Views: 63.6ms | ActiveRecord: 9.8ms)


Started GET "/houses/new" for ::1 at 2018-10-11 15:28:18 -0400
Processing by HousesController#new as HTML
  Rendering houses/new.html.erb within layouts/application
  Rendered houses/_form.html.erb (2.9ms)
  Rendered houses/new.html.erb within layouts/application (4.9ms)
Completed 200 OK in 39ms (Views: 18.1ms | ActiveRecord: 5.8ms)


Started POST "/houses" for ::1 at 2018-10-11 15:28:50 -0400
Processing by HousesController#create as HTML
  Parameters: {"utf8"=>"✓", "authenticity_token"=>"IS6/nWiBHyNSAJfpG27fKJ5sl0l2gE01aXlk6KMReXDnkQvhg4Rkqetgn8NVt60w0BlhBy++FHCf/SCccsRvvQ==", "house"=>{"name"=>"Carty", "author"=>"Nick Carty", "source"=>"Boston", "motto"=>""}, "commit"=>"Submit"}
Completed 500 Internal Server Error in 2ms (ActiveRecord: 0.0ms)


  
NoMethodError (undefined method `save' for nil:NilClass):
  
app/controllers/houses_controller.rb:17:in `create'
Started POST "/houses" for ::1 at 2018-10-11 15:29:17 -0400
Processing by HousesController#create as HTML
  Parameters: {"utf8"=>"✓", "authenticity_token"=>"IS6/nWiBHyNSAJfpG27fKJ5sl0l2gE01aXlk6KMReXDnkQvhg4Rkqetgn8NVt60w0BlhBy++FHCf/SCccsRvvQ==", "house"=>{"name"=>"Carty", "author"=>"Nick Carty", "source"=>"Boston", "motto"=>""}, "commit"=>"Submit"}
  [1m[35m (0.3ms)[0m  [1m[35mBEGIN[0m
  [1m[36mHouse Create (1.2ms)[0m  [1m[32mINSERT INTO "houses" ("name", "author", "source", "motto") VALUES ($1, $2, $3, $4) RETURNING "id"[0m  [["name", "Carty"], ["author", "Nick Carty"], ["source", "Boston"], ["motto", ""]]
  [1m[35m (0.5ms)[0m  [1m[35mCOMMIT[0m
Redirected to http://localhost:3000/houses/1
Completed 302 Found in 12ms (ActiveRecord: 2.0ms)


Started GET "/houses/1" for ::1 at 2018-10-11 15:29:17 -0400
Processing by HousesController#show as HTML
  Parameters: {"id"=>"1"}
  [1m[36mHouse Load (0.5ms)[0m  [1m[34mSELECT  "houses".* FROM "houses" WHERE "houses"."id" = $1 LIMIT $2[0m  [["id", 1], ["LIMIT", 1]]
  Rendering houses/show.html.erb within layouts/application
  Rendered houses/show.html.erb within layouts/application (0.4ms)
Completed 200 OK in 23ms (Views: 15.8ms | ActiveRecord: 0.9ms)


Started POST "/houses" for ::1 at 2018-10-11 15:29:45 -0400
Processing by HousesController#create as HTML
  Parameters: {"utf8"=>"✓", "authenticity_token"=>"IS6/nWiBHyNSAJfpG27fKJ5sl0l2gE01aXlk6KMReXDnkQvhg4Rkqetgn8NVt60w0BlhBy++FHCf/SCccsRvvQ==", "house"=>{"name"=>"Carty", "author"=>"Nick Carty", "source"=>"", "motto"=>""}, "commit"=>"Submit"}
  [1m[35m (0.2ms)[0m  [1m[35mBEGIN[0m
  [1m[35m (0.2ms)[0m  [1m[31mROLLBACK[0m
  Rendering houses/new.html.erb within layouts/application
  Rendered houses/_form.html.erb (2.5ms)
  Rendered houses/new.html.erb within layouts/application (4.9ms)
Completed 200 OK in 41ms (Views: 20.0ms | ActiveRecord: 11.5ms)


Started GET "/houses" for ::1 at 2018-10-11 15:32:42 -0400
Processing by HousesController#index as HTML
  Rendering houses/index.html.erb within layouts/application
  Rendered houses/index.html.erb within layouts/application (0.5ms)
Completed 500 Internal Server Error in 8ms (ActiveRecord: 0.0ms)


  
SyntaxError (/Users/nick/Dropbox/challenges/rails-marathon/app/views/houses/index.html.erb:11: syntax error, unexpected keyword_ensure, expecting keyword_end
/Users/nick/Dropbox/challenges/rails-marathon/app/views/houses/index.html.erb:13: syntax error, unexpected end-of-input, expecting keyword_end):
  
app/views/houses/index.html.erb:11: syntax error, unexpected keyword_ensure, expecting keyword_end
app/views/houses/index.html.erb:13: syntax error, unexpected end-of-input, expecting keyword_end
Started GET "/houses" for ::1 at 2018-10-11 15:32:45 -0400
Processing by HousesController#index as HTML
  Rendering houses/index.html.erb within layouts/application
  Rendered houses/index.html.erb within layouts/application (0.7ms)
Completed 500 Internal Server Error in 7ms (ActiveRecord: 0.0ms)


  
SyntaxError (/Users/nick/Dropbox/challenges/rails-marathon/app/views/houses/index.html.erb:11: syntax error, unexpected keyword_ensure, expecting keyword_end
/Users/nick/Dropbox/challenges/rails-marathon/app/views/houses/index.html.erb:13: syntax error, unexpected end-of-input, expecting keyword_end):
  
app/views/houses/index.html.erb:11: syntax error, unexpected keyword_ensure, expecting keyword_end
app/views/houses/index.html.erb:13: syntax error, unexpected end-of-input, expecting keyword_end
Started GET "/houses" for ::1 at 2018-10-11 15:33:13 -0400
Processing by HousesController#index as HTML
  Rendering houses/index.html.erb within layouts/application
  [1m[36mHouse Load (0.6ms)[0m  [1m[34mSELECT "houses".* FROM "houses"[0m
  Rendered houses/index.html.erb within layouts/application (1.9ms)
Completed 200 OK in 22ms (Views: 18.7ms | ActiveRecord: 0.6ms)


Started GET "/houses" for ::1 at 2018-10-11 15:33:26 -0400
Processing by HousesController#index as HTML
  Rendering houses/index.html.erb within layouts/application
  [1m[36mHouse Load (0.9ms)[0m  [1m[34mSELECT "houses".* FROM "houses"[0m
  Rendered houses/index.html.erb within layouts/application (2.1ms)
Completed 200 OK in 22ms (Views: 18.0ms | ActiveRecord: 0.9ms)


Started GET "/houses/new" for ::1 at 2018-10-11 15:33:37 -0400
Processing by HousesController#new as HTML
  Rendering houses/new.html.erb within layouts/application
  Rendered houses/_form.html.erb (2.7ms)
  Rendered houses/new.html.erb within layouts/application (4.7ms)
Completed 200 OK in 24ms (Views: 22.1ms | ActiveRecord: 0.0ms)


Started POST "/houses" for ::1 at 2018-10-11 15:34:11 -0400
Processing by HousesController#create as HTML
  Parameters: {"utf8"=>"✓", "authenticity_token"=>"/I3PRdUYXFaLmmVitL6Uvtd8YWZ9K0lENJMHu/oGDC46Mns5Ph0n3DL6bUj6Z+ammQmXKCQVEAHCF0PPK9Ma4w==", "house"=>{"name"=>"Stark", "author"=>"George RR Martin", "source"=>"Game Of Thrones", "motto"=>""}, "commit"=>"Submit"}
  [1m[35m (0.3ms)[0m  [1m[35mBEGIN[0m
  [1m[36mHouse Create (1.0ms)[0m  [1m[32mINSERT INTO "houses" ("name", "author", "source", "motto") VALUES ($1, $2, $3, $4) RETURNING "id"[0m  [["name", "Stark"], ["author", "George RR Martin"], ["source", "Game Of Thrones"], ["motto", ""]]
  [1m[35m (0.5ms)[0m  [1m[35mCOMMIT[0m
Redirected to http://localhost:3000/houses/2
Completed 302 Found in 6ms (ActiveRecord: 1.7ms)


Started GET "/houses/2" for ::1 at 2018-10-11 15:34:11 -0400
Processing by HousesController#show as HTML
  Parameters: {"id"=>"2"}
  [1m[36mHouse Load (0.5ms)[0m  [1m[34mSELECT  "houses".* FROM "houses" WHERE "houses"."id" = $1 LIMIT $2[0m  [["id", 2], ["LIMIT", 1]]
  Rendering houses/show.html.erb within layouts/application
  Rendered houses/show.html.erb within layouts/application (0.4ms)
Completed 200 OK in 22ms (Views: 17.8ms | ActiveRecord: 0.8ms)


Started GET "/houses/2" for ::1 at 2018-10-11 15:36:01 -0400
Processing by HousesController#show as HTML
  Parameters: {"id"=>"2"}
  [1m[36mHouse Load (0.5ms)[0m  [1m[34mSELECT  "houses".* FROM "houses" WHERE "houses"."id" = $1 LIMIT $2[0m  [["id", 2], ["LIMIT", 1]]
  Rendering houses/show.html.erb within layouts/application
  Rendered houses/show.html.erb within layouts/application (0.6ms)
Completed 200 OK in 20ms (Views: 16.2ms | ActiveRecord: 0.5ms)


Started GET "/houses" for ::1 at 2018-10-11 15:36:04 -0400
Processing by HousesController#index as HTML
  Rendering houses/index.html.erb within layouts/application
  [1m[36mHouse Load (0.4ms)[0m  [1m[34mSELECT "houses".* FROM "houses"[0m
  Rendered houses/index.html.erb within layouts/application (1.6ms)
Completed 200 OK in 20ms (Views: 17.6ms | ActiveRecord: 0.4ms)


Started GET "/houses/new" for ::1 at 2018-10-11 15:39:37 -0400
Processing by HousesController#new as HTML
  Rendering houses/new.html.erb within layouts/application
  Rendered houses/_form.html.erb (3.0ms)
  Rendered houses/new.html.erb within layouts/application (5.1ms)
Completed 200 OK in 23ms (Views: 21.2ms | ActiveRecord: 0.0ms)


Started GET "/houses" for ::1 at 2018-10-11 16:00:06 -0400
Processing by HousesController#index as HTML
  Rendering houses/index.html.erb within layouts/application
  [1m[36mHouse Load (1.2ms)[0m  [1m[34mSELECT "houses".* FROM "houses"[0m
  Rendered houses/index.html.erb within layouts/application (16.9ms)
Completed 200 OK in 34ms (Views: 20.0ms | ActiveRecord: 10.9ms)


Started GET "/houses/1" for ::1 at 2018-10-11 16:00:08 -0400
Processing by HousesController#show as HTML
  Parameters: {"id"=>"1"}
  [1m[36mHouse Load (0.5ms)[0m  [1m[34mSELECT  "houses".* FROM "houses" WHERE "houses"."id" = $1 LIMIT $2[0m  [["id", 1], ["LIMIT", 1]]
  Rendering houses/show.html.erb within layouts/application
  Rendered houses/show.html.erb within layouts/application (0.6ms)
Completed 200 OK in 27ms (Views: 22.6ms | ActiveRecord: 0.7ms)


Started GET "/houses/1" for ::1 at 2018-10-11 16:32:35 -0400
Processing by HousesController#show as HTML
  Parameters: {"id"=>"1"}
  [1m[36mHouse Load (0.9ms)[0m  [1m[34mSELECT  "houses".* FROM "houses" WHERE "houses"."id" = $1 LIMIT $2[0m  [["id", 1], ["LIMIT", 1]]
  Rendering houses/show.html.erb within layouts/application
  Rendered houses/show.html.erb within layouts/application (0.6ms)
Completed 200 OK in 18ms (Views: 15.1ms | ActiveRecord: 0.9ms)


Started GET "/houses/1" for ::1 at 2018-10-11 16:33:44 -0400
Processing by HousesController#show as HTML
  Parameters: {"id"=>"1"}
  [1m[36mHouse Load (1.1ms)[0m  [1m[34mSELECT  "houses".* FROM "houses" WHERE "houses"."id" = $1 LIMIT $2[0m  [["id", 1], ["LIMIT", 1]]
  Rendering houses/show.html.erb within layouts/application
  Rendered houses/show.html.erb within layouts/application (0.8ms)
Completed 200 OK in 23ms (Views: 18.1ms | ActiveRecord: 1.1ms)


Started GET "/houses/1" for ::1 at 2018-10-11 16:33:57 -0400
Processing by HousesController#show as HTML
  Parameters: {"id"=>"1"}
  [1m[36mHouse Load (0.5ms)[0m  [1m[34mSELECT  "houses".* FROM "houses" WHERE "houses"."id" = $1 LIMIT $2[0m  [["id", 1], ["LIMIT", 1]]
  Rendering houses/show.html.erb within layouts/application
  Rendered houses/show.html.erb within layouts/application (0.6ms)
Completed 200 OK in 21ms (Views: 16.8ms | ActiveRecord: 0.5ms)


Started GET "/houses" for ::1 at 2018-10-11 16:34:01 -0400
Processing by HousesController#index as HTML
  Rendering houses/index.html.erb within layouts/application
  [1m[36mHouse Load (0.9ms)[0m  [1m[34mSELECT "houses".* FROM "houses"[0m
  Rendered houses/index.html.erb within layouts/application (2.2ms)
Completed 200 OK in 20ms (Views: 17.2ms | ActiveRecord: 0.9ms)


Started GET "/houses/2" for ::1 at 2018-10-11 16:34:02 -0400
Processing by HousesController#show as HTML
  Parameters: {"id"=>"2"}
  [1m[36mHouse Load (0.4ms)[0m  [1m[34mSELECT  "houses".* FROM "houses" WHERE "houses"."id" = $1 LIMIT $2[0m  [["id", 2], ["LIMIT", 1]]
  Rendering houses/show.html.erb within layouts/application
  Rendered houses/show.html.erb within layouts/application (0.8ms)
Completed 200 OK in 19ms (Views: 16.1ms | ActiveRecord: 0.6ms)


Started GET "/houses" for ::1 at 2018-10-11 16:34:04 -0400
Processing by HousesController#index as HTML
  Rendering houses/index.html.erb within layouts/application
  [1m[36mHouse Load (0.4ms)[0m  [1m[34mSELECT "houses".* FROM "houses"[0m
  Rendered houses/index.html.erb within layouts/application (1.5ms)
Completed 200 OK in 19ms (Views: 16.8ms | ActiveRecord: 0.4ms)


Started GET "/houses/new" for ::1 at 2018-10-11 16:34:05 -0400
Processing by HousesController#new as HTML
  Rendering houses/new.html.erb within layouts/application
  Rendered houses/_form.html.erb (3.0ms)
  Rendered houses/new.html.erb within layouts/application (5.0ms)
Completed 200 OK in 23ms (Views: 20.9ms | ActiveRecord: 0.0ms)


Started POST "/houses" for ::1 at 2018-10-11 16:36:33 -0400
Processing by HousesController#create as HTML
  Parameters: {"utf8"=>"✓", "authenticity_token"=>"//ilsfM8qOj5X0O5sa4UjtYlbxo/xpLd3sdpk3Lpqe45RxHNGDnTYkA/S5P/d2aWmFCZVGb4y5goQy3nozy/Iw==", "house"=>{"name"=>"Griffendore", "author"=>"JK Rowling?", "source"=>"Harry Potter", "motto"=>"I don't know if I spelled Griffendore right."}, "commit"=>"Add House"}
  [1m[35m (0.2ms)[0m  [1m[35mBEGIN[0m
  [1m[36mHouse Create (0.7ms)[0m  [1m[32mINSERT INTO "houses" ("name", "author", "source", "motto") VALUES ($1, $2, $3, $4) RETURNING "id"[0m  [["name", "Griffendore"], ["author", "JK Rowling?"], ["source", "Harry Potter"], ["motto", "I don't know if I spelled Griffendore right."]]
  [1m[35m (1.1ms)[0m  [1m[35mCOMMIT[0m
Redirected to http://localhost:3000/houses/3
Completed 302 Found in 22ms (ActiveRecord: 11.6ms)


Started GET "/houses/3" for ::1 at 2018-10-11 16:36:33 -0400
Processing by HousesController#show as HTML
  Parameters: {"id"=>"3"}
  [1m[36mHouse Load (0.4ms)[0m  [1m[34mSELECT  "houses".* FROM "houses" WHERE "houses"."id" = $1 LIMIT $2[0m  [["id", 3], ["LIMIT", 1]]
  Rendering houses/show.html.erb within layouts/application
  Rendered houses/show.html.erb within layouts/application (0.7ms)
Completed 200 OK in 20ms (Views: 16.5ms | ActiveRecord: 0.4ms)


Started GET "/houses" for ::1 at 2018-10-11 16:36:41 -0400
Processing by HousesController#index as HTML
  Rendering houses/index.html.erb within layouts/application
  [1m[36mHouse Load (0.4ms)[0m  [1m[34mSELECT "houses".* FROM "houses"[0m
  Rendered houses/index.html.erb within layouts/application (1.7ms)
Completed 200 OK in 19ms (Views: 16.8ms | ActiveRecord: 0.4ms)


  [1m[35m (0.3ms)[0m  [1m[34mSELECT pg_try_advisory_lock(8546372934869750190)[0m
  [1m[35m (0.8ms)[0m  [1m[34mSELECT "schema_migrations"."version" FROM "schema_migrations" ORDER BY "schema_migrations"."version" ASC[0m
Migrating to CreateMembers (20181011203828)
  [1m[35m (0.5ms)[0m  [1m[35mBEGIN[0m
  [1m[35m (8.5ms)[0m  [1m[35mCREATE TABLE "members" ("id" bigserial primary key, "first_name" character varying NOT NULL, "last_name" character varying NOT NULL, "house_id" bigint NOT NULL, "created_at" timestamp NOT NULL, "updated_at" timestamp NOT NULL)[0m
  [1m[35m (1.2ms)[0m  [1m[35mCREATE  INDEX  "index_members_on_house_id" ON "members"  ("house_id")[0m
  [1m[36mActiveRecord::SchemaMigration Create (0.5ms)[0m  [1m[32mINSERT INTO "schema_migrations" ("version") VALUES ($1) RETURNING "version"[0m  [["version", "20181011203828"]]
  [1m[35m (0.5ms)[0m  [1m[35mCOMMIT[0m
  [1m[36mActiveRecord::InternalMetadata Load (0.7ms)[0m  [1m[34mSELECT  "ar_internal_metadata".* FROM "ar_internal_metadata" WHERE "ar_internal_metadata"."key" = $1 LIMIT $2[0m  [["key", "environment"], ["LIMIT", 1]]
  [1m[35m (0.4ms)[0m  [1m[35mBEGIN[0m
  [1m[35m (0.2ms)[0m  [1m[35mCOMMIT[0m
  [1m[35m (0.3ms)[0m  [1m[34mSELECT pg_advisory_unlock(8546372934869750190)[0m
  [1m[35m (0.3ms)[0m  [1m[34mSELECT "schema_migrations"."version" FROM "schema_migrations" ORDER BY "schema_migrations"."version" ASC[0m
  [1m[35m (0.8ms)[0m  [1m[34mSELECT "schema_migrations"."version" FROM "schema_migrations" ORDER BY "schema_migrations"."version" ASC[0m
  [1m[35m (0.4ms)[0m  [1m[34mSELECT "schema_migrations"."version" FROM "schema_migrations" ORDER BY "schema_migrations"."version" ASC[0m
  [1m[35m (0.3ms)[0m  [1m[34mSELECT "schema_migrations"."version" FROM "schema_migrations" ORDER BY "schema_migrations"."version" ASC[0m
  [1m[35m (0.3ms)[0m  [1m[34mSELECT pg_try_advisory_lock(8546372934869750190)[0m
  [1m[35m (0.3ms)[0m  [1m[34mSELECT "schema_migrations"."version" FROM "schema_migrations" ORDER BY "schema_migrations"."version" ASC[0m
Migrating to CreateMembers (20181011203828)
  [1m[35m (0.2ms)[0m  [1m[35mBEGIN[0m
  [1m[35m (2.3ms)[0m  [1m[35mDROP TABLE "members"[0m
  [1m[36mActiveRecord::SchemaMigration Destroy (0.6ms)[0m  [1m[31mDELETE FROM "schema_migrations" WHERE "schema_migrations"."version" = $1[0m  [["version", "20181011203828"]]
  [1m[35m (1.8ms)[0m  [1m[35mCOMMIT[0m
  [1m[35m (0.4ms)[0m  [1m[34mSELECT pg_advisory_unlock(8546372934869750190)[0m
  [1m[35m (0.3ms)[0m  [1m[34mSELECT "schema_migrations"."version" FROM "schema_migrations" ORDER BY "schema_migrations"."version" ASC[0m
  [1m[35m (0.3ms)[0m  [1m[34mSELECT pg_try_advisory_lock(8546372934869750190)[0m
  [1m[35m (0.8ms)[0m  [1m[34mSELECT "schema_migrations"."version" FROM "schema_migrations" ORDER BY "schema_migrations"."version" ASC[0m
Migrating to CreateMembers (20181011203828)
  [1m[35m (0.2ms)[0m  [1m[35mBEGIN[0m
  [1m[35m (8.1ms)[0m  [1m[35mCREATE TABLE "members" ("id" bigserial primary key, "first_name" character varying NOT NULL, "last_name" character varying NOT NULL, "house_id" bigint NOT NULL, "created_at" timestamp NOT NULL, "updated_at" timestamp NOT NULL)[0m
  [1m[35m (1.1ms)[0m  [1m[35mCREATE  INDEX  "index_members_on_house_id" ON "members"  ("house_id")[0m
  [1m[36mActiveRecord::SchemaMigration Create (0.5ms)[0m  [1m[32mINSERT INTO "schema_migrations" ("version") VALUES ($1) RETURNING "version"[0m  [["version", "20181011203828"]]
  [1m[35m (0.5ms)[0m  [1m[35mCOMMIT[0m
  [1m[36mActiveRecord::InternalMetadata Load (0.5ms)[0m  [1m[34mSELECT  "ar_internal_metadata".* FROM "ar_internal_metadata" WHERE "ar_internal_metadata"."key" = $1 LIMIT $2[0m  [["key", "environment"], ["LIMIT", 1]]
  [1m[35m (0.2ms)[0m  [1m[35mBEGIN[0m
  [1m[35m (0.2ms)[0m  [1m[35mCOMMIT[0m
  [1m[35m (0.3ms)[0m  [1m[34mSELECT pg_advisory_unlock(8546372934869750190)[0m
  [1m[35m (0.5ms)[0m  [1m[34mSELECT "schema_migrations"."version" FROM "schema_migrations" ORDER BY "schema_migrations"."version" ASC[0m
Started GET "/houses" for ::1 at 2018-10-11 18:19:04 -0400
  [1m[35m (0.9ms)[0m  [1m[34mSELECT "schema_migrations"."version" FROM "schema_migrations" ORDER BY "schema_migrations"."version" ASC[0m
Processing by HousesController#index as HTML
  Rendering houses/index.html.erb within layouts/application
  [1m[36mHouse Load (0.7ms)[0m  [1m[34mSELECT "houses".* FROM "houses"[0m
  Rendered houses/index.html.erb within layouts/application (16.5ms)
Completed 200 OK in 73ms (Views: 40.1ms | ActiveRecord: 10.6ms)


Started GET "/houses/1" for ::1 at 2018-10-11 18:19:06 -0400
Processing by HousesController#show as HTML
  Parameters: {"id"=>"1"}
  [1m[36mHouse Load (0.7ms)[0m  [1m[34mSELECT  "houses".* FROM "houses" WHERE "houses"."id" = $1 LIMIT $2[0m  [["id", 1], ["LIMIT", 1]]
  Rendering houses/show.html.erb within layouts/application
  [1m[36mMember Load (1.9ms)[0m  [1m[34mSELECT "members".* FROM "members" WHERE "members"."house_id" = $1[0m  [["house_id", 1]]
  Rendered houses/show.html.erb within layouts/application (34.5ms)
Completed 500 Internal Server Error in 77ms (ActiveRecord: 7.1ms)


  
ActionView::Template::Error (undefined local variable or method `new_member_path' for #<#<Class:0x007f7f3b847d78>:0x007f7f3ac08fd0>
Did you mean?  new_house_member_path):
    16: <% end %>
    17: </ul>
    18: 
    19: <%= link_to 'Add a Member', new_member_path %>
    20: <%= link_to 'Home', houses_path %>
  
app/views/houses/show.html.erb:19:in `_app_views_houses_show_html_erb___1572507312256084856_70092211640580'
Started GET "/houses/1" for ::1 at 2018-10-11 18:19:42 -0400
Processing by HousesController#show as HTML
  Parameters: {"id"=>"1"}
  [1m[36mHouse Load (0.5ms)[0m  [1m[34mSELECT  "houses".* FROM "houses" WHERE "houses"."id" = $1 LIMIT $2[0m  [["id", 1], ["LIMIT", 1]]
  Rendering houses/show.html.erb within layouts/application
  [1m[36mMember Load (0.4ms)[0m  [1m[34mSELECT "members".* FROM "members" WHERE "members"."house_id" = $1[0m  [["house_id", 1]]
  Rendered houses/show.html.erb within layouts/application (3.2ms)
Completed 500 Internal Server Error in 12ms (ActiveRecord: 0.8ms)


  
ActionView::Template::Error (No route matches {:action=>"new", :controller=>"members", :id=>"1"}, missing required keys: [:house_id]):
    16: <% end %>
    17: </ul>
    18: 
    19: <%= link_to 'Add a Member', new_house_member_path %>
    20: <%= link_to 'Home', houses_path %>
  
app/views/houses/show.html.erb:19:in `_app_views_houses_show_html_erb___1572507312256084856_70092183987360'
Started GET "/houses/1" for ::1 at 2018-10-11 18:20:05 -0400
Processing by HousesController#show as HTML
  Parameters: {"id"=>"1"}
  [1m[36mHouse Load (0.6ms)[0m  [1m[34mSELECT  "houses".* FROM "houses" WHERE "houses"."id" = $1 LIMIT $2[0m  [["id", 1], ["LIMIT", 1]]
  Rendering houses/show.html.erb within layouts/application
  [1m[36mMember Load (0.4ms)[0m  [1m[34mSELECT "members".* FROM "members" WHERE "members"."house_id" = $1[0m  [["house_id", 1]]
  Rendered houses/show.html.erb within layouts/application (2.4ms)
Completed 200 OK in 25ms (Views: 20.5ms | ActiveRecord: 1.0ms)


Started GET "/houses/1" for ::1 at 2018-10-11 18:21:10 -0400
Processing by HousesController#show as HTML
  Parameters: {"id"=>"1"}
  [1m[36mHouse Load (1.1ms)[0m  [1m[34mSELECT  "houses".* FROM "houses" WHERE "houses"."id" = $1 LIMIT $2[0m  [["id", 1], ["LIMIT", 1]]
  Rendering houses/show.html.erb within layouts/application
  [1m[36mMember Load (0.7ms)[0m  [1m[34mSELECT "members".* FROM "members" WHERE "members"."house_id" = $1[0m  [["house_id", 1]]
  Rendered houses/show.html.erb within layouts/application (2.8ms)
Completed 200 OK in 30ms (Views: 23.2ms | ActiveRecord: 1.8ms)


Started GET "/houses/1/members/new" for ::1 at 2018-10-11 18:21:15 -0400
  
SyntaxError (/Users/nick/Dropbox/challenges/rails-marathon/app/controllers/members_controller.rb:22: syntax error, unexpected keyword_else, expecting keyword_end
/Users/nick/Dropbox/challenges/rails-marathon/app/controllers/members_controller.rb:31: syntax error, unexpected end-of-input, expecting keyword_end):
  
app/controllers/members_controller.rb:22: syntax error, unexpected keyword_else, expecting keyword_end
app/controllers/members_controller.rb:31: syntax error, unexpected end-of-input, expecting keyword_end
Started GET "/houses/1/members/new" for ::1 at 2018-10-11 18:21:43 -0400
Processing by MembersController#new as HTML
  Parameters: {"house_id"=>"1"}
  [1m[36mHouse Load (0.3ms)[0m  [1m[34mSELECT  "houses".* FROM "houses" WHERE "houses"."id" = $1 LIMIT $2[0m  [["id", 1], ["LIMIT", 1]]
  Rendering members/new.html.erb within layouts/application
  Rendered members/new.html.erb within layouts/application (11.8ms)
Completed 500 Internal Server Error in 55ms (ActiveRecord: 13.9ms)


  
ActionView::Template::Error (undefined method `description' for #<Member:0x007f7f3aa385e8>):
    14: 
    15:   <div class="field">
    16:     <%= f.label :description %><br />
    17:     <%= f.text_field :description %>
    18:   </div>
    19: 
    20:   <div class="actions">
  
app/views/members/new.html.erb:17:in `block in _app_views_members_new_html_erb___3542269589278602749_70092179403120'
app/views/members/new.html.erb:1:in `_app_views_members_new_html_erb___3542269589278602749_70092179403120'
Started GET "/houses/1/members/new" for ::1 at 2018-10-11 18:23:10 -0400
Processing by MembersController#new as HTML
  Parameters: {"house_id"=>"1"}
  [1m[36mHouse Load (0.5ms)[0m  [1m[34mSELECT  "houses".* FROM "houses" WHERE "houses"."id" = $1 LIMIT $2[0m  [["id", 1], ["LIMIT", 1]]
  Rendering members/new.html.erb within layouts/application
  Rendered members/new.html.erb within layouts/application (2.5ms)
Completed 200 OK in 25ms (Views: 20.6ms | ActiveRecord: 0.5ms)


Started GET "/houses/1/members/new" for ::1 at 2018-10-11 18:23:48 -0400
Processing by MembersController#new as HTML
  Parameters: {"house_id"=>"1"}
  [1m[36mHouse Load (0.4ms)[0m  [1m[34mSELECT  "houses".* FROM "houses" WHERE "houses"."id" = $1 LIMIT $2[0m  [["id", 1], ["LIMIT", 1]]
  Rendering members/new.html.erb within layouts/application
  Rendered members/new.html.erb within layouts/application (2.8ms)
Completed 200 OK in 23ms (Views: 18.6ms | ActiveRecord: 0.4ms)


Started POST "/houses/1/members" for ::1 at 2018-10-11 18:23:52 -0400
Processing by MembersController#create as HTML
  Parameters: {"utf8"=>"✓", "authenticity_token"=>"/pKY+pm1ToEf+4aCn7/RwHoJLSW4CcCb8wkC/HV1WhE4LSyGcrA1C6abjqjRZqPYNHzba+E3md4FjUaIpKBM3A==", "member"=>{"first_name"=>"", "last_name"=>""}, "commit"=>"Add Member", "house_id"=>"1"}
  [1m[36mHouse Load (0.5ms)[0m  [1m[34mSELECT  "houses".* FROM "houses" WHERE "houses"."id" = $1 LIMIT $2[0m  [["id", 1], ["LIMIT", 1]]
  [1m[35m (0.2ms)[0m  [1m[35mBEGIN[0m
  [1m[35m (0.3ms)[0m  [1m[31mROLLBACK[0m
  Rendering houses/show.html.erb within layouts/application
  [1m[36mMember Load (0.6ms)[0m  [1m[34mSELECT "members".* FROM "members" WHERE "members"."house_id" = $1[0m  [["house_id", 1]]
  Rendered houses/show.html.erb within layouts/application (3.0ms)
Completed 200 OK in 25ms (Views: 19.7ms | ActiveRecord: 1.5ms)


Started GET "/houses/1/members/new" for ::1 at 2018-10-11 18:24:20 -0400
Processing by MembersController#new as HTML
  Parameters: {"house_id"=>"1"}
  [1m[36mHouse Load (0.3ms)[0m  [1m[34mSELECT  "houses".* FROM "houses" WHERE "houses"."id" = $1 LIMIT $2[0m  [["id", 1], ["LIMIT", 1]]
  Rendering members/new.html.erb within layouts/application
  Rendered members/new.html.erb within layouts/application (2.8ms)
Completed 200 OK in 46ms (Views: 17.5ms | ActiveRecord: 10.2ms)


Started POST "/houses/1/members" for ::1 at 2018-10-11 18:24:27 -0400
Processing by MembersController#create as HTML
  Parameters: {"utf8"=>"✓", "authenticity_token"=>"O/WcaAtyfrjDi1aAHRFcxBp++l5WXQ34cwd/z7+EQC39SigU4HcFMnrrXqpTyC7cVAsMEA9jVL2Fgzu7blFW4A==", "member"=>{"first_name"=>"", "last_name"=>""}, "commit"=>"Add Member", "house_id"=>"1"}
  [1m[36mHouse Load (0.5ms)[0m  [1m[34mSELECT  "houses".* FROM "houses" WHERE "houses"."id" = $1 LIMIT $2[0m  [["id", 1], ["LIMIT", 1]]
  [1m[35m (0.2ms)[0m  [1m[35mBEGIN[0m
  [1m[35m (0.2ms)[0m  [1m[31mROLLBACK[0m
  Rendering members/new.html.erb within layouts/application
  Rendered members/new.html.erb within layouts/application (3.2ms)
Completed 200 OK in 25ms (Views: 19.5ms | ActiveRecord: 1.2ms)


Started POST "/houses/1/members" for ::1 at 2018-10-11 18:24:48 -0400
Processing by MembersController#create as HTML
  Parameters: {"utf8"=>"✓", "authenticity_token"=>"O/WcaAtyfrjDi1aAHRFcxBp++l5WXQ34cwd/z7+EQC39SigU4HcFMnrrXqpTyC7cVAsMEA9jVL2Fgzu7blFW4A==", "member"=>{"first_name"=>"", "last_name"=>""}, "commit"=>"Add Member", "house_id"=>"1"}
  [1m[36mHouse Load (0.5ms)[0m  [1m[34mSELECT  "houses".* FROM "houses" WHERE "houses"."id" = $1 LIMIT $2[0m  [["id", 1], ["LIMIT", 1]]
  [1m[35m (0.2ms)[0m  [1m[35mBEGIN[0m
  [1m[35m (0.2ms)[0m  [1m[31mROLLBACK[0m
  Rendering members/new.html.erb within layouts/application
  Rendered members/new.html.erb within layouts/application (3.1ms)
Completed 200 OK in 31ms (Views: 26.1ms | ActiveRecord: 0.9ms)


Started POST "/houses/1/members" for ::1 at 2018-10-11 18:25:04 -0400
Processing by MembersController#create as HTML
  Parameters: {"utf8"=>"✓", "authenticity_token"=>"Si8jUFfWvk8K4XiaJgHcuHEXRWcEwXYlHI8oCJk5UGOMkJcsvNPFxbOBcLBo2K6gP2KzKV3/L2DqC2x8SOxGrg==", "member"=>{"first_name"=>"Dave", "last_name"=>""}, "commit"=>"Add Member", "house_id"=>"1"}
  [1m[36mHouse Load (1.2ms)[0m  [1m[34mSELECT  "houses".* FROM "houses" WHERE "houses"."id" = $1 LIMIT $2[0m  [["id", 1], ["LIMIT", 1]]
  [1m[35m (0.2ms)[0m  [1m[35mBEGIN[0m
  [1m[35m (0.2ms)[0m  [1m[31mROLLBACK[0m
  Rendering members/new.html.erb within layouts/application
  Rendered members/new.html.erb within layouts/application (2.8ms)
Completed 200 OK in 24ms (Views: 18.5ms | ActiveRecord: 1.7ms)


Started POST "/houses/1/members" for ::1 at 2018-10-11 18:25:08 -0400
Processing by MembersController#create as HTML
  Parameters: {"utf8"=>"✓", "authenticity_token"=>"/RkEXVVOHmCGJp4rn3Z0CS8mcWF+9SUAriMC8jN9dlo7prAhvktl6j9GlgHRrwYRYVOHLyfLfEVYp0aG4qhglw==", "member"=>{"first_name"=>"Dave", "last_name"=>"Carty"}, "commit"=>"Add Member", "house_id"=>"1"}
  [1m[36mHouse Load (0.7ms)[0m  [1m[34mSELECT  "houses".* FROM "houses" WHERE "houses"."id" = $1 LIMIT $2[0m  [["id", 1], ["LIMIT", 1]]
  [1m[35m (0.2ms)[0m  [1m[35mBEGIN[0m
  [1m[36mMember Create (1.5ms)[0m  [1m[32mINSERT INTO "members" ("first_name", "last_name", "house_id", "created_at", "updated_at") VALUES ($1, $2, $3, $4, $5) RETURNING "id"[0m  [["first_name", "Dave"], ["last_name", "Carty"], ["house_id", 1], ["created_at", "2018-10-11 22:25:08.478482"], ["updated_at", "2018-10-11 22:25:08.478482"]]
  [1m[35m (0.4ms)[0m  [1m[35mCOMMIT[0m
Redirected to http://localhost:3000/houses/1
Completed 302 Found in 8ms (ActiveRecord: 2.9ms)


Started GET "/houses/1" for ::1 at 2018-10-11 18:25:08 -0400
Processing by HousesController#show as HTML
  Parameters: {"id"=>"1"}
  [1m[36mHouse Load (0.3ms)[0m  [1m[34mSELECT  "houses".* FROM "houses" WHERE "houses"."id" = $1 LIMIT $2[0m  [["id", 1], ["LIMIT", 1]]
  Rendering houses/show.html.erb within layouts/application
  [1m[36mMember Load (0.4ms)[0m  [1m[34mSELECT "members".* FROM "members" WHERE "members"."house_id" = $1[0m  [["house_id", 1]]
  Rendered houses/show.html.erb within layouts/application (2.7ms)
Completed 200 OK in 23ms (Views: 19.2ms | ActiveRecord: 1.0ms)


Started GET "/houses/1/members/new" for ::1 at 2018-10-11 18:25:14 -0400
Processing by MembersController#new as HTML
  Parameters: {"house_id"=>"1"}
  [1m[36mHouse Load (0.5ms)[0m  [1m[34mSELECT  "houses".* FROM "houses" WHERE "houses"."id" = $1 LIMIT $2[0m  [["id", 1], ["LIMIT", 1]]
  Rendering members/new.html.erb within layouts/application
  Rendered members/new.html.erb within layouts/application (2.3ms)
Completed 200 OK in 24ms (Views: 19.4ms | ActiveRecord: 0.5ms)


Started POST "/houses/1/members" for ::1 at 2018-10-11 18:25:22 -0400
Processing by MembersController#create as HTML
  Parameters: {"utf8"=>"✓", "authenticity_token"=>"88R25QuKR8X+tN9fAZtVpazYfp+EyZ98VfM7EpEzSdU1e8KZ4I88T0fU13VPQie94q2I0d33xjmjd39mQOZfGA==", "member"=>{"first_name"=>"Chris", "last_name"=>"Carty"}, "commit"=>"Add Member", "house_id"=>"1"}
  [1m[36mHouse Load (0.6ms)[0m  [1m[34mSELECT  "houses".* FROM "houses" WHERE "houses"."id" = $1 LIMIT $2[0m  [["id", 1], ["LIMIT", 1]]
  [1m[35m (0.2ms)[0m  [1m[35mBEGIN[0m
  [1m[36mMember Create (0.7ms)[0m  [1m[32mINSERT INTO "members" ("first_name", "last_name", "house_id", "created_at", "updated_at") VALUES ($1, $2, $3, $4, $5) RETURNING "id"[0m  [["first_name", "Chris"], ["last_name", "Carty"], ["house_id", 1], ["created_at", "2018-10-11 22:25:22.965198"], ["updated_at", "2018-10-11 22:25:22.965198"]]
  [1m[35m (0.3ms)[0m  [1m[35mCOMMIT[0m
Redirected to http://localhost:3000/houses/1
Completed 302 Found in 6ms (ActiveRecord: 1.8ms)


Started GET "/houses/1" for ::1 at 2018-10-11 18:25:22 -0400
Processing by HousesController#show as HTML
  Parameters: {"id"=>"1"}
  [1m[36mHouse Load (0.4ms)[0m  [1m[34mSELECT  "houses".* FROM "houses" WHERE "houses"."id" = $1 LIMIT $2[0m  [["id", 1], ["LIMIT", 1]]
  Rendering houses/show.html.erb within layouts/application
  [1m[36mMember Load (0.5ms)[0m  [1m[34mSELECT "members".* FROM "members" WHERE "members"."house_id" = $1[0m  [["house_id", 1]]
  Rendered houses/show.html.erb within layouts/application (2.4ms)
Completed 200 OK in 20ms (Views: 16.8ms | ActiveRecord: 1.0ms)


  [1m[35m (0.3ms)[0m  [1m[34mSELECT pg_try_advisory_lock(8546372934869750190)[0m
  [1m[35m (0.8ms)[0m  [1m[34mSELECT "schema_migrations"."version" FROM "schema_migrations" ORDER BY "schema_migrations"."version" ASC[0m
  [1m[36mActiveRecord::InternalMetadata Load (1.1ms)[0m  [1m[34mSELECT  "ar_internal_metadata".* FROM "ar_internal_metadata" WHERE "ar_internal_metadata"."key" = $1 LIMIT $2[0m  [["key", "environment"], ["LIMIT", 1]]
  [1m[35m (0.3ms)[0m  [1m[35mBEGIN[0m
  [1m[35m (0.2ms)[0m  [1m[35mCOMMIT[0m
  [1m[35m (0.3ms)[0m  [1m[34mSELECT pg_advisory_unlock(8546372934869750190)[0m
  [1m[35m (0.3ms)[0m  [1m[34mSELECT "schema_migrations"."version" FROM "schema_migrations" ORDER BY "schema_migrations"."version" ASC[0m
  [1m[35m (0.8ms)[0m  [1m[34mSELECT "schema_migrations"."version" FROM "schema_migrations" ORDER BY "schema_migrations"."version" ASC[0m
  [1m[35m (0.3ms)[0m  [1m[34mSELECT "schema_migrations"."version" FROM "schema_migrations" ORDER BY "schema_migrations"."version" ASC[0m
  [1m[35m (0.3ms)[0m  [1m[34mSELECT "schema_migrations"."version" FROM "schema_migrations" ORDER BY "schema_migrations"."version" ASC[0m
  [1m[35m (0.3ms)[0m  [1m[34mSELECT pg_try_advisory_lock(8546372934869750190)[0m
  [1m[35m (0.3ms)[0m  [1m[34mSELECT "schema_migrations"."version" FROM "schema_migrations" ORDER BY "schema_migrations"."version" ASC[0m
Migrating to CreateMembers (20181011203828)
  [1m[35m (0.3ms)[0m  [1m[35mBEGIN[0m
  [1m[35m (3.5ms)[0m  [1m[35mDROP TABLE "members"[0m
  [1m[36mActiveRecord::SchemaMigration Destroy (0.7ms)[0m  [1m[31mDELETE FROM "schema_migrations" WHERE "schema_migrations"."version" = $1[0m  [["version", "20181011203828"]]
  [1m[35m (2.3ms)[0m  [1m[35mCOMMIT[0m
  [1m[35m (0.3ms)[0m  [1m[34mSELECT pg_advisory_unlock(8546372934869750190)[0m
  [1m[35m (0.3ms)[0m  [1m[34mSELECT "schema_migrations"."version" FROM "schema_migrations" ORDER BY "schema_migrations"."version" ASC[0m
  [1m[35m (0.3ms)[0m  [1m[34mSELECT pg_try_advisory_lock(8546372934869750190)[0m
  [1m[35m (0.9ms)[0m  [1m[34mSELECT "schema_migrations"."version" FROM "schema_migrations" ORDER BY "schema_migrations"."version" ASC[0m
Migrating to CreateMembers (20181011203828)
  [1m[35m (0.3ms)[0m  [1m[35mBEGIN[0m
  [1m[35m (7.3ms)[0m  [1m[35mCREATE TABLE "members" ("id" bigserial primary key, "first_name" character varying NOT NULL, "last_name" character varying NOT NULL, "house_id" bigint NOT NULL, "created_at" timestamp NOT NULL, "updated_at" timestamp NOT NULL)[0m
  [1m[35m (1.1ms)[0m  [1m[35mCREATE  INDEX  "index_members_on_house_id" ON "members"  ("house_id")[0m
  [1m[36mActiveRecord::SchemaMigration Create (0.4ms)[0m  [1m[32mINSERT INTO "schema_migrations" ("version") VALUES ($1) RETURNING "version"[0m  [["version", "20181011203828"]]
  [1m[35m (0.5ms)[0m  [1m[35mCOMMIT[0m
  [1m[36mActiveRecord::InternalMetadata Load (0.5ms)[0m  [1m[34mSELECT  "ar_internal_metadata".* FROM "ar_internal_metadata" WHERE "ar_internal_metadata"."key" = $1 LIMIT $2[0m  [["key", "environment"], ["LIMIT", 1]]
  [1m[35m (0.2ms)[0m  [1m[35mBEGIN[0m
  [1m[35m (0.2ms)[0m  [1m[35mCOMMIT[0m
  [1m[35m (0.3ms)[0m  [1m[34mSELECT pg_advisory_unlock(8546372934869750190)[0m
  [1m[35m (0.3ms)[0m  [1m[34mSELECT "schema_migrations"."version" FROM "schema_migrations" ORDER BY "schema_migrations"."version" ASC[0m
Started GET "/houses/1" for ::1 at 2018-10-11 18:29:38 -0400
Processing by HousesController#show as HTML
  Parameters: {"id"=>"1"}
  [1m[36mHouse Load (0.4ms)[0m  [1m[34mSELECT  "houses".* FROM "houses" WHERE "houses"."id" = $1 LIMIT $2[0m  [["id", 1], ["LIMIT", 1]]
  Rendering houses/show.html.erb within layouts/application
  Rendered houses/show.html.erb within layouts/application (0.7ms)
Completed 500 Internal Server Error in 18ms (ActiveRecord: 0.4ms)


  
SyntaxError (/Users/nick/Dropbox/challenges/rails-marathon/app/views/houses/show.html.erb:15: syntax error, unexpected ')', expecting '='
...ember.name, member.created_at );@output_buffer.safe_append='...
...                               ^
/Users/nick/Dropbox/challenges/rails-marathon/app/views/houses/show.html.erb:16: syntax error, unexpected keyword_end, expecting ')'
'.freeze; end 
             ^
/Users/nick/Dropbox/challenges/rails-marathon/app/views/houses/show.html.erb:23: syntax error, unexpected keyword_ensure, expecting ')'
/Users/nick/Dropbox/challenges/rails-marathon/app/views/houses/show.html.erb:25: syntax error, unexpected keyword_end, expecting ')'):
  
app/views/houses/show.html.erb:15: syntax error, unexpected ')', expecting '='
app/views/houses/show.html.erb:16: syntax error, unexpected keyword_end, expecting ')'
app/views/houses/show.html.erb:23: syntax error, unexpected keyword_ensure, expecting ')'
app/views/houses/show.html.erb:25: syntax error, unexpected keyword_end, expecting ')'
  [1m[36mMember Load (0.7ms)[0m  [1m[34mSELECT  "members".* FROM "members" ORDER BY "members"."id" ASC LIMIT $1[0m  [["LIMIT", 1]]
  [1m[36mMember Load (0.5ms)[0m  [1m[34mSELECT "members".* FROM "members"[0m
  [1m[36mHouse Load (0.8ms)[0m  [1m[34mSELECT "houses".* FROM "houses"[0m
  [1m[36mHouse Load (0.4ms)[0m  [1m[34mSELECT  "houses".* FROM "houses" ORDER BY "houses"."id" ASC LIMIT $1[0m  [["LIMIT", 1]]
  [1m[36mMember Load (0.4ms)[0m  [1m[34mSELECT "members".* FROM "members" WHERE "members"."house_id" = $1[0m  [["house_id", 1]]
Started GET "/houses/1" for ::1 at 2018-10-11 18:33:11 -0400
Processing by HousesController#show as HTML
  Parameters: {"id"=>"1"}
  [1m[36mHouse Load (0.4ms)[0m  [1m[34mSELECT  "houses".* FROM "houses" WHERE "houses"."id" = $1 LIMIT $2[0m  [["id", 1], ["LIMIT", 1]]
  Rendering houses/show.html.erb within layouts/application
  Rendered houses/show.html.erb within layouts/application (1.0ms)
Completed 500 Internal Server Error in 9ms (ActiveRecord: 0.4ms)


  
SyntaxError (/Users/nick/Dropbox/challenges/rails-marathon/app/views/houses/show.html.erb:15: syntax error, unexpected ')', expecting '='
...ember.name, member.created_at );@output_buffer.safe_append='...
...                               ^
/Users/nick/Dropbox/challenges/rails-marathon/app/views/houses/show.html.erb:16: syntax error, unexpected keyword_end, expecting ')'
'.freeze; end 
             ^
/Users/nick/Dropbox/challenges/rails-marathon/app/views/houses/show.html.erb:23: syntax error, unexpected keyword_ensure, expecting ')'
/Users/nick/Dropbox/challenges/rails-marathon/app/views/houses/show.html.erb:25: syntax error, unexpected keyword_end, expecting ')'):
  
app/views/houses/show.html.erb:15: syntax error, unexpected ')', expecting '='
app/views/houses/show.html.erb:16: syntax error, unexpected keyword_end, expecting ')'
app/views/houses/show.html.erb:23: syntax error, unexpected keyword_ensure, expecting ')'
app/views/houses/show.html.erb:25: syntax error, unexpected keyword_end, expecting ')'
Started GET "/houses/1" for ::1 at 2018-10-11 18:33:26 -0400
Processing by HousesController#show as HTML
  Parameters: {"id"=>"1"}
  [1m[36mHouse Load (0.4ms)[0m  [1m[34mSELECT  "houses".* FROM "houses" WHERE "houses"."id" = $1 LIMIT $2[0m  [["id", 1], ["LIMIT", 1]]
  Rendering houses/show.html.erb within layouts/application
  [1m[36mMember Load (0.9ms)[0m  [1m[34mSELECT "members".* FROM "members" WHERE "members"."house_id" = $1[0m  [["house_id", 1]]
  Rendered houses/show.html.erb within layouts/application (3.0ms)
Completed 200 OK in 21ms (Views: 16.9ms | ActiveRecord: 1.3ms)


Started GET "/houses/1/members/new" for ::1 at 2018-10-11 18:35:43 -0400
Processing by MembersController#new as HTML
  Parameters: {"house_id"=>"1"}
  [1m[36mHouse Load (0.3ms)[0m  [1m[34mSELECT  "houses".* FROM "houses" WHERE "houses"."id" = $1 LIMIT $2[0m  [["id", 1], ["LIMIT", 1]]
  Rendering members/new.html.erb within layouts/application
  Rendered members/new.html.erb within layouts/application (3.1ms)
Completed 200 OK in 29ms (Views: 20.2ms | ActiveRecord: 0.3ms)


Started POST "/houses/1/members" for ::1 at 2018-10-11 18:35:48 -0400
Processing by MembersController#create as HTML
  Parameters: {"utf8"=>"✓", "authenticity_token"=>"+zISYcPXC+uL65Blh9h7xUFfxll7sQFctNC3nkRTp7w9jaYdKNJwYTKLmE/JAQndDyowFyKPWBlCVPPqlYaxcQ==", "member"=>{"first_name"=>"Dave", "last_name"=>"Carty"}, "commit"=>"Add Member", "house_id"=>"1"}
  [1m[36mHouse Load (0.4ms)[0m  [1m[34mSELECT  "houses".* FROM "houses" WHERE "houses"."id" = $1 LIMIT $2[0m  [["id", 1], ["LIMIT", 1]]
  [1m[35m (0.2ms)[0m  [1m[35mBEGIN[0m
  [1m[36mMember Create (1.3ms)[0m  [1m[32mINSERT INTO "members" ("first_name", "last_name", "house_id", "created_at", "updated_at") VALUES ($1, $2, $3, $4, $5) RETURNING "id"[0m  [["first_name", "Dave"], ["last_name", "Carty"], ["house_id", 1], ["created_at", "2018-10-11 22:35:48.129190"], ["updated_at", "2018-10-11 22:35:48.129190"]]
  [1m[35m (0.4ms)[0m  [1m[35mCOMMIT[0m
Redirected to http://localhost:3000/houses/1
Completed 302 Found in 7ms (ActiveRecord: 2.4ms)


Started GET "/houses/1" for ::1 at 2018-10-11 18:35:48 -0400
Processing by HousesController#show as HTML
  Parameters: {"id"=>"1"}
  [1m[36mHouse Load (0.3ms)[0m  [1m[34mSELECT  "houses".* FROM "houses" WHERE "houses"."id" = $1 LIMIT $2[0m  [["id", 1], ["LIMIT", 1]]
  Rendering houses/show.html.erb within layouts/application
  [1m[36mMember Load (0.4ms)[0m  [1m[34mSELECT "members".* FROM "members" WHERE "members"."house_id" = $1[0m  [["house_id", 1]]
  Rendered houses/show.html.erb within layouts/application (2.0ms)
Completed 200 OK in 19ms (Views: 15.8ms | ActiveRecord: 0.7ms)


Started GET "/houses" for ::1 at 2018-10-11 18:36:44 -0400
Processing by HousesController#index as HTML
  Rendering houses/index.html.erb within layouts/application
  [1m[36mHouse Load (0.4ms)[0m  [1m[34mSELECT "houses".* FROM "houses"[0m
  Rendered houses/index.html.erb within layouts/application (1.7ms)
Completed 200 OK in 21ms (Views: 18.5ms | ActiveRecord: 0.4ms)


Started GET "/houses/1" for ::1 at 2018-10-11 18:36:46 -0400
Processing by HousesController#show as HTML
  Parameters: {"id"=>"1"}
  [1m[36mHouse Load (0.4ms)[0m  [1m[34mSELECT  "houses".* FROM "houses" WHERE "houses"."id" = $1 LIMIT $2[0m  [["id", 1], ["LIMIT", 1]]
  Rendering houses/show.html.erb within layouts/application
  [1m[36mMember Load (0.4ms)[0m  [1m[34mSELECT "members".* FROM "members" WHERE "members"."house_id" = $1[0m  [["house_id", 1]]
  Rendered houses/show.html.erb within layouts/application (2.1ms)
Completed 200 OK in 19ms (Views: 15.6ms | ActiveRecord: 0.8ms)


  [1m[36mMember Load (0.7ms)[0m  [1m[34mSELECT "members".* FROM "members"[0m
Started GET "/houses/1" for ::1 at 2018-10-11 18:38:13 -0400
Processing by HousesController#show as HTML
  Parameters: {"id"=>"1"}
  [1m[36mHouse Load (0.3ms)[0m  [1m[34mSELECT  "houses".* FROM "houses" WHERE "houses"."id" = $1 LIMIT $2[0m  [["id", 1], ["LIMIT", 1]]
  Rendering houses/show.html.erb within layouts/application
  Rendered houses/show.html.erb within layouts/application (0.6ms)
Completed 500 Internal Server Error in 9ms (ActiveRecord: 0.3ms)


  
SyntaxError (/Users/nick/Dropbox/challenges/rails-marathon/app/views/houses/show.html.erb:15: syntax error, unexpected ')', expecting '='
...ember.name, member.created_at );@output_buffer.safe_append='...
...                               ^
/Users/nick/Dropbox/challenges/rails-marathon/app/views/houses/show.html.erb:16: syntax error, unexpected keyword_end, expecting ')'
'.freeze; end 
             ^
/Users/nick/Dropbox/challenges/rails-marathon/app/views/houses/show.html.erb:23: syntax error, unexpected keyword_ensure, expecting ')'
/Users/nick/Dropbox/challenges/rails-marathon/app/views/houses/show.html.erb:25: syntax error, unexpected keyword_end, expecting ')'):
  
app/views/houses/show.html.erb:15: syntax error, unexpected ')', expecting '='
app/views/houses/show.html.erb:16: syntax error, unexpected keyword_end, expecting ')'
app/views/houses/show.html.erb:23: syntax error, unexpected keyword_ensure, expecting ')'
app/views/houses/show.html.erb:25: syntax error, unexpected keyword_end, expecting ')'
  [1m[36mMember Load (0.5ms)[0m  [1m[34mSELECT  "members".* FROM "members" ORDER BY "members"."id" ASC LIMIT $1[0m  [["LIMIT", 1]]
Started GET "/houses/1" for ::1 at 2018-10-11 18:41:48 -0400
Processing by HousesController#show as HTML
  Parameters: {"id"=>"1"}
  [1m[36mHouse Load (0.3ms)[0m  [1m[34mSELECT  "houses".* FROM "houses" WHERE "houses"."id" = $1 LIMIT $2[0m  [["id", 1], ["LIMIT", 1]]
  Rendering houses/show.html.erb within layouts/application
  [1m[36mMember Load (0.4ms)[0m  [1m[34mSELECT "members".* FROM "members" WHERE "members"."house_id" = $1[0m  [["house_id", 1]]
  Rendered houses/show.html.erb within layouts/application (2.1ms)
Completed 200 OK in 22ms (Views: 17.8ms | ActiveRecord: 0.7ms)


Started GET "/houses/1" for ::1 at 2018-10-11 18:58:19 -0400
Processing by HousesController#show as HTML
  Parameters: {"id"=>"1"}
  [1m[36mHouse Load (0.9ms)[0m  [1m[34mSELECT  "houses".* FROM "houses" WHERE "houses"."id" = $1 LIMIT $2[0m  [["id", 1], ["LIMIT", 1]]
  Rendering houses/show.html.erb within layouts/application
  Rendered houses/show.html.erb within layouts/application (0.6ms)
Completed 500 Internal Server Error in 10ms (ActiveRecord: 0.9ms)


  
SyntaxError (/Users/nick/Dropbox/challenges/rails-marathon/app/views/houses/show.html.erb:17: syntax error, unexpected tIDENTIFIER, expecting ')'
...r.append=( "Created at, "member.created_at );@output_buffer....
...                               ^):
  
app/views/houses/show.html.erb:17: syntax error, unexpected tIDENTIFIER, expecting ')'
Started GET "/houses/1" for ::1 at 2018-10-11 18:59:43 -0400
Processing by HousesController#show as HTML
  Parameters: {"id"=>"1"}
  [1m[36mHouse Load (0.7ms)[0m  [1m[34mSELECT  "houses".* FROM "houses" WHERE "houses"."id" = $1 LIMIT $2[0m  [["id", 1], ["LIMIT", 1]]
  Rendering houses/show.html.erb within layouts/application
  [1m[36mMember Load (0.9ms)[0m  [1m[34mSELECT "members".* FROM "members" WHERE "members"."house_id" = $1[0m  [["house_id", 1]]
  Rendered houses/show.html.erb within layouts/application (3.9ms)
Completed 500 Internal Server Error in 15ms (ActiveRecord: 1.6ms)


  
ActionView::Template::Error (no implicit conversion of ActiveSupport::TimeWithZone into String):
    14:   <% @members.each do |member| %>
    15:     <li>
    16:       <%= member.name %>
    17:       <%= "Created at, " + member.created_at %>
    18:     </li>
    19: <% end %>
    20: </ul>
  
app/views/houses/show.html.erb:17:in `+'
app/views/houses/show.html.erb:17:in `block in _app_views_houses_show_html_erb___1572507312256084856_70092226483620'
app/views/houses/show.html.erb:14:in `_app_views_houses_show_html_erb___1572507312256084856_70092226483620'
Started GET "/houses/1" for ::1 at 2018-10-11 19:00:01 -0400
Processing by HousesController#show as HTML
  Parameters: {"id"=>"1"}
  [1m[36mHouse Load (0.6ms)[0m  [1m[34mSELECT  "houses".* FROM "houses" WHERE "houses"."id" = $1 LIMIT $2[0m  [["id", 1], ["LIMIT", 1]]
  Rendering houses/show.html.erb within layouts/application
  [1m[36mMember Load (0.5ms)[0m  [1m[34mSELECT "members".* FROM "members" WHERE "members"."house_id" = $1[0m  [["house_id", 1]]
  Rendered houses/show.html.erb within layouts/application (2.2ms)
Completed 200 OK in 25ms (Views: 19.6ms | ActiveRecord: 1.1ms)


Started GET "/houses/1" for ::1 at 2018-10-11 19:00:31 -0400
Processing by HousesController#show as HTML
  Parameters: {"id"=>"1"}
  [1m[36mHouse Load (1.5ms)[0m  [1m[34mSELECT  "houses".* FROM "houses" WHERE "houses"."id" = $1 LIMIT $2[0m  [["id", 1], ["LIMIT", 1]]
  Rendering houses/show.html.erb within layouts/application
  [1m[36mMember Load (0.8ms)[0m  [1m[34mSELECT "members".* FROM "members" WHERE "members"."house_id" = $1[0m  [["house_id", 1]]
  Rendered houses/show.html.erb within layouts/application (2.5ms)
Completed 200 OK in 24ms (Views: 18.1ms | ActiveRecord: 2.2ms)


Started GET "/houses/1" for ::1 at 2018-10-11 19:03:28 -0400
Processing by HousesController#show as HTML
  Parameters: {"id"=>"1"}
  [1m[36mHouse Load (0.6ms)[0m  [1m[34mSELECT  "houses".* FROM "houses" WHERE "houses"."id" = $1 LIMIT $2[0m  [["id", 1], ["LIMIT", 1]]
  Rendering houses/show.html.erb within layouts/application
  [1m[36mMember Load (0.5ms)[0m  [1m[34mSELECT "members".* FROM "members" WHERE "members"."house_id" = $1[0m  [["house_id", 1]]
  Rendered houses/show.html.erb within layouts/application (2.4ms)
Completed 200 OK in 23ms (Views: 18.1ms | ActiveRecord: 1.1ms)


Started GET "/houses/1" for ::1 at 2018-10-11 19:04:56 -0400
Processing by HousesController#show as HTML
  Parameters: {"id"=>"1"}
  [1m[36mHouse Load (1.2ms)[0m  [1m[34mSELECT  "houses".* FROM "houses" WHERE "houses"."id" = $1 LIMIT $2[0m  [["id", 1], ["LIMIT", 1]]
  Rendering houses/show.html.erb within layouts/application
  [1m[36mMember Load (0.9ms)[0m  [1m[34mSELECT "members".* FROM "members" WHERE "members"."house_id" = $1[0m  [["house_id", 1]]
  Rendered houses/show.html.erb within layouts/application (3.3ms)
Completed 200 OK in 24ms (Views: 18.4ms | ActiveRecord: 2.1ms)


Started GET "/houses/1/members/new" for ::1 at 2018-10-11 19:05:53 -0400
Processing by MembersController#new as HTML
  Parameters: {"house_id"=>"1"}
  [1m[36mHouse Load (0.5ms)[0m  [1m[34mSELECT  "houses".* FROM "houses" WHERE "houses"."id" = $1 LIMIT $2[0m  [["id", 1], ["LIMIT", 1]]
  Rendering members/new.html.erb within layouts/application
  Rendered members/new.html.erb within layouts/application (2.6ms)
Completed 200 OK in 26ms (Views: 21.8ms | ActiveRecord: 0.5ms)


Started GET "/houses/1/members/new" for ::1 at 2018-10-11 19:07:43 -0400
Processing by MembersController#new as HTML
  Parameters: {"house_id"=>"1"}
  [1m[36mHouse Load (0.5ms)[0m  [1m[34mSELECT  "houses".* FROM "houses" WHERE "houses"."id" = $1 LIMIT $2[0m  [["id", 1], ["LIMIT", 1]]
  Rendering members/new.html.erb within layouts/application
  Rendered members/new.html.erb within layouts/application (2.7ms)
Completed 200 OK in 24ms (Views: 19.2ms | ActiveRecord: 0.5ms)


  [1m[35m (2.2ms)[0m  [1m[34mSELECT "schema_migrations"."version" FROM "schema_migrations" ORDER BY "schema_migrations"."version" ASC[0m
  [1m[35m (0.8ms)[0m  [1m[34mSELECT "ar_internal_metadata"."value" FROM "ar_internal_metadata" WHERE "ar_internal_metadata"."key" = $1[0m  [["key", "environment"]]
  [1m[35m (0.3ms)[0m  [1m[34mSELECT "schema_migrations"."version" FROM "schema_migrations" ORDER BY "schema_migrations"."version" ASC[0m
  [1m[35m (0.3ms)[0m  [1m[34mSELECT "ar_internal_metadata"."value" FROM "ar_internal_metadata" WHERE "ar_internal_metadata"."key" = $1[0m  [["key", "environment"]]
  [1m[35m (0.3ms)[0m  [1m[34mSELECT "schema_migrations"."version" FROM "schema_migrations" ORDER BY "schema_migrations"."version" ASC[0m
  [1m[35m (0.3ms)[0m  [1m[34mSELECT "ar_internal_metadata"."value" FROM "ar_internal_metadata" WHERE "ar_internal_metadata"."key" = $1[0m  [["key", "environment"]]
  [1m[35m (141.5ms)[0m  [1m[35mDROP DATABASE IF EXISTS "fantasy_houses_test"[0m
  [1m[35m (305.3ms)[0m  [1m[35mCREATE DATABASE "fantasy_houses_test" ENCODING = 'unicode'[0m
  [1m[35mSQL (0.6ms)[0m  [1m[35mCREATE EXTENSION IF NOT EXISTS "plpgsql"[0m
  [1m[35m (0.3ms)[0m  [1m[35mDROP TABLE IF EXISTS "houses" CASCADE[0m
  [1m[35m (12.1ms)[0m  [1m[35mCREATE TABLE "houses" ("id" bigserial primary key, "name" character varying NOT NULL, "author" character varying NOT NULL, "source" character varying NOT NULL, "motto" character varying)[0m
  [1m[35m (0.5ms)[0m  [1m[35mDROP TABLE IF EXISTS "members" CASCADE[0m
  [1m[35m (8.2ms)[0m  [1m[35mCREATE TABLE "members" ("id" bigserial primary key, "first_name" character varying NOT NULL, "last_name" character varying NOT NULL, "house_id" bigint NOT NULL, "created_at" timestamp NOT NULL, "updated_at" timestamp NOT NULL)[0m
  [1m[35m (2.2ms)[0m  [1m[35mCREATE  INDEX  "index_members_on_house_id" ON "members"  ("house_id")[0m
  [1m[35m (4.8ms)[0m  [1m[35mCREATE TABLE "schema_migrations" ("version" character varying NOT NULL PRIMARY KEY)[0m
  [1m[35m (1.1ms)[0m  [1m[34mSELECT "schema_migrations"."version" FROM "schema_migrations" ORDER BY "schema_migrations"."version" ASC[0m
  [1m[35m (0.8ms)[0m  [1m[32mINSERT INTO "schema_migrations" (version) VALUES (20181011203828)[0m
  [1m[35m (0.5ms)[0m  [1m[32mINSERT INTO "schema_migrations" (version) VALUES
(20181011184513);

[0m
  [1m[35m (3.5ms)[0m  [1m[35mCREATE TABLE "ar_internal_metadata" ("key" character varying NOT NULL PRIMARY KEY, "value" character varying, "created_at" timestamp NOT NULL, "updated_at" timestamp NOT NULL)[0m
  [1m[36mActiveRecord::InternalMetadata Load (0.5ms)[0m  [1m[34mSELECT  "ar_internal_metadata".* FROM "ar_internal_metadata" WHERE "ar_internal_metadata"."key" = $1 LIMIT $2[0m  [["key", "environment"], ["LIMIT", 1]]
  [1m[35m (0.2ms)[0m  [1m[35mBEGIN[0m
  [1m[36mActiveRecord::InternalMetadata Create (0.6ms)[0m  [1m[32mINSERT INTO "ar_internal_metadata" ("key", "value", "created_at", "updated_at") VALUES ($1, $2, $3, $4) RETURNING "key"[0m  [["key", "environment"], ["value", "development"], ["created_at", "2018-10-11 23:08:42.329903"], ["updated_at", "2018-10-11 23:08:42.329903"]]
  [1m[35m (0.4ms)[0m  [1m[35mCOMMIT[0m
  [1m[36mActiveRecord::InternalMetadata Load (0.5ms)[0m  [1m[34mSELECT  "ar_internal_metadata".* FROM "ar_internal_metadata" WHERE "ar_internal_metadata"."key" = $1 LIMIT $2[0m  [["key", "environment"], ["LIMIT", 1]]
  [1m[35m (0.2ms)[0m  [1m[35mBEGIN[0m
  [1m[36mActiveRecord::InternalMetadata Update (0.5ms)[0m  [1m[33mUPDATE "ar_internal_metadata" SET "value" = $1, "updated_at" = $2 WHERE "ar_internal_metadata"."key" = $3[0m  [["value", "test"], ["updated_at", "2018-10-11 23:08:42.336872"], ["key", "environment"]]
  [1m[35m (0.4ms)[0m  [1m[35mCOMMIT[0m
Started GET "/houses/1/members/new" for ::1 at 2018-10-11 19:11:16 -0400
Processing by MembersController#new as HTML
  Parameters: {"house_id"=>"1"}
  [1m[36mHouse Load (1.1ms)[0m  [1m[34mSELECT  "houses".* FROM "houses" WHERE "houses"."id" = $1 LIMIT $2[0m  [["id", 1], ["LIMIT", 1]]
  Rendering members/new.html.erb within layouts/application
  Rendered members/new.html.erb within layouts/application (0.6ms)
Completed 500 Internal Server Error in 10ms (ActiveRecord: 1.1ms)


  
SyntaxError (/Users/nick/Dropbox/challenges/rails-marathon/app/views/members/new.html.erb:18: syntax error, unexpected tSTRING_BEG, expecting ')'
....append=( f.label :first_name "First Name");@output_buffer.s...
...                               ^):
  
app/views/members/new.html.erb:18: syntax error, unexpected tSTRING_BEG, expecting ')'
Started GET "/houses/1/members/new" for ::1 at 2018-10-11 19:11:33 -0400
Processing by MembersController#new as HTML
  Parameters: {"house_id"=>"1"}
  [1m[36mHouse Load (0.5ms)[0m  [1m[34mSELECT  "houses".* FROM "houses" WHERE "houses"."id" = $1 LIMIT $2[0m  [["id", 1], ["LIMIT", 1]]
  Rendering members/new.html.erb within layouts/application
  Rendered members/new.html.erb within layouts/application (2.3ms)
Completed 200 OK in 23ms (Views: 18.3ms | ActiveRecord: 0.5ms)


Started GET "/houses/1/members/new" for ::1 at 2018-10-11 19:11:50 -0400
Processing by MembersController#new as HTML
  Parameters: {"house_id"=>"1"}
  [1m[36mHouse Load (0.5ms)[0m  [1m[34mSELECT  "houses".* FROM "houses" WHERE "houses"."id" = $1 LIMIT $2[0m  [["id", 1], ["LIMIT", 1]]
  Rendering members/new.html.erb within layouts/application
  Rendered members/new.html.erb within layouts/application (2.2ms)
Completed 200 OK in 23ms (Views: 18.5ms | ActiveRecord: 0.5ms)


Started GET "/houses/1" for ::1 at 2018-10-11 19:12:45 -0400
Processing by HousesController#show as HTML
  Parameters: {"id"=>"1"}
  [1m[36mHouse Load (0.6ms)[0m  [1m[34mSELECT  "houses".* FROM "houses" WHERE "houses"."id" = $1 LIMIT $2[0m  [["id", 1], ["LIMIT", 1]]
  Rendering houses/show.html.erb within layouts/application
  [1m[36mMember Load (0.5ms)[0m  [1m[34mSELECT "members".* FROM "members" WHERE "members"."house_id" = $1[0m  [["house_id", 1]]
  Rendered houses/show.html.erb within layouts/application (2.4ms)
Completed 200 OK in 22ms (Views: 17.8ms | ActiveRecord: 1.0ms)


Started GET "/houses/1/members/new" for ::1 at 2018-10-11 19:13:27 -0400
Processing by MembersController#new as HTML
  Parameters: {"house_id"=>"1"}
  [1m[36mHouse Load (0.6ms)[0m  [1m[34mSELECT  "houses".* FROM "houses" WHERE "houses"."id" = $1 LIMIT $2[0m  [["id", 1], ["LIMIT", 1]]
  Rendering members/new.html.erb within layouts/application
  Rendered members/new.html.erb within layouts/application (2.1ms)
Completed 200 OK in 20ms (Views: 16.8ms | ActiveRecord: 0.6ms)


Started POST "/houses/1/members" for ::1 at 2018-10-11 19:13:33 -0400
Processing by MembersController#create as HTML
  Parameters: {"utf8"=>"✓", "authenticity_token"=>"Pyeaqce9mhB4oIUBtkP/4sa06BW5TuG4Dsz6n58HUrz5mC7VLLjhmsHAjSv4mo36iMEeW+BwuP34SL7rTtJEcQ==", "member"=>{"first_name"=>"Chris", "last_name"=>"Carty"}, "commit"=>"Add Member", "house_id"=>"1"}
  [1m[36mHouse Load (0.5ms)[0m  [1m[34mSELECT  "houses".* FROM "houses" WHERE "houses"."id" = $1 LIMIT $2[0m  [["id", 1], ["LIMIT", 1]]
  [1m[35m (0.2ms)[0m  [1m[35mBEGIN[0m
  [1m[36mMember Create (1.2ms)[0m  [1m[32mINSERT INTO "members" ("first_name", "last_name", "house_id", "created_at", "updated_at") VALUES ($1, $2, $3, $4, $5) RETURNING "id"[0m  [["first_name", "Chris"], ["last_name", "Carty"], ["house_id", 1], ["created_at", "2018-10-11 23:13:33.614576"], ["updated_at", "2018-10-11 23:13:33.614576"]]
  [1m[35m (0.5ms)[0m  [1m[35mCOMMIT[0m
Redirected to http://localhost:3000/houses/1
Completed 302 Found in 6ms (ActiveRecord: 2.4ms)


Started GET "/houses/1" for ::1 at 2018-10-11 19:13:33 -0400
Processing by HousesController#show as HTML
  Parameters: {"id"=>"1"}
  [1m[36mHouse Load (0.4ms)[0m  [1m[34mSELECT  "houses".* FROM "houses" WHERE "houses"."id" = $1 LIMIT $2[0m  [["id", 1], ["LIMIT", 1]]
  Rendering houses/show.html.erb within layouts/application
  [1m[36mMember Load (0.5ms)[0m  [1m[34mSELECT "members".* FROM "members" WHERE "members"."house_id" = $1[0m  [["house_id", 1]]
  Rendered houses/show.html.erb within layouts/application (2.5ms)
Completed 200 OK in 21ms (Views: 17.0ms | ActiveRecord: 1.2ms)


Started GET "/houses" for ::1 at 2018-10-11 19:13:43 -0400
Processing by HousesController#index as HTML
  Rendering houses/index.html.erb within layouts/application
  [1m[36mHouse Load (0.4ms)[0m  [1m[34mSELECT "houses".* FROM "houses"[0m
  Rendered houses/index.html.erb within layouts/application (1.8ms)
Completed 200 OK in 20ms (Views: 17.7ms | ActiveRecord: 0.4ms)


Started GET "/houses/2" for ::1 at 2018-10-11 19:13:45 -0400
Processing by HousesController#show as HTML
  Parameters: {"id"=>"2"}
  [1m[36mHouse Load (0.4ms)[0m  [1m[34mSELECT  "houses".* FROM "houses" WHERE "houses"."id" = $1 LIMIT $2[0m  [["id", 2], ["LIMIT", 1]]
  Rendering houses/show.html.erb within layouts/application
  [1m[36mMember Load (0.4ms)[0m  [1m[34mSELECT "members".* FROM "members" WHERE "members"."house_id" = $1[0m  [["house_id", 2]]
  Rendered houses/show.html.erb within layouts/application (2.2ms)
Completed 200 OK in 18ms (Views: 15.3ms | ActiveRecord: 0.8ms)


Started GET "/houses/2/members/new" for ::1 at 2018-10-11 19:13:47 -0400
Processing by MembersController#new as HTML
  Parameters: {"house_id"=>"2"}
  [1m[36mHouse Load (0.5ms)[0m  [1m[34mSELECT  "houses".* FROM "houses" WHERE "houses"."id" = $1 LIMIT $2[0m  [["id", 2], ["LIMIT", 1]]
  Rendering members/new.html.erb within layouts/application
  Rendered members/new.html.erb within layouts/application (1.9ms)
Completed 200 OK in 21ms (Views: 18.0ms | ActiveRecord: 0.5ms)


Started POST "/houses/2/members" for ::1 at 2018-10-11 19:13:58 -0400
Processing by MembersController#create as HTML
  Parameters: {"utf8"=>"✓", "authenticity_token"=>"yr9CCrKU/JoHST1Lva19piOV1i+XxkstFjJcT/btTN0MAPZ2WZGHEL4pNWHzdA++beAgYc74Emjgthg7JzhaEA==", "member"=>{"first_name"=>"Ned ", "last_name"=>"Stark"}, "commit"=>"Add Member", "house_id"=>"2"}
  [1m[36mHouse Load (0.7ms)[0m  [1m[34mSELECT  "houses".* FROM "houses" WHERE "houses"."id" = $1 LIMIT $2[0m  [["id", 2], ["LIMIT", 1]]
  [1m[35m (0.2ms)[0m  [1m[35mBEGIN[0m
  [1m[36mMember Create (0.5ms)[0m  [1m[32mINSERT INTO "members" ("first_name", "last_name", "house_id", "created_at", "updated_at") VALUES ($1, $2, $3, $4, $5) RETURNING "id"[0m  [["first_name", "Ned "], ["last_name", "Stark"], ["house_id", 2], ["created_at", "2018-10-11 23:13:58.375421"], ["updated_at", "2018-10-11 23:13:58.375421"]]
  [1m[35m (0.4ms)[0m  [1m[35mCOMMIT[0m
Redirected to http://localhost:3000/houses/2
Completed 302 Found in 7ms (ActiveRecord: 1.9ms)


Started GET "/houses/2" for ::1 at 2018-10-11 19:13:58 -0400
Processing by HousesController#show as HTML
  Parameters: {"id"=>"2"}
  [1m[36mHouse Load (0.5ms)[0m  [1m[34mSELECT  "houses".* FROM "houses" WHERE "houses"."id" = $1 LIMIT $2[0m  [["id", 2], ["LIMIT", 1]]
  Rendering houses/show.html.erb within layouts/application
  [1m[36mMember Load (0.5ms)[0m  [1m[34mSELECT "members".* FROM "members" WHERE "members"."house_id" = $1[0m  [["house_id", 2]]
  Rendered houses/show.html.erb within layouts/application (2.5ms)
Completed 200 OK in 20ms (Views: 16.5ms | ActiveRecord: 1.0ms)


